<?xml version="1.0" encoding="UTF-8"?>
<!-- Generated by org.testng.reporters.JUnitReportReporter -->
<testsuite hostname="ITLP80" failures="0" tests="1" name="practice.Bluesummit1" time="1032.610" errors="0" timestamp="2023-04-06T15:37:57 IST" skipped="0">
  <testcase classname="practice.Bluesummit1" name="main1" time="1032.610"/>
  <system-out/>
</testsuite> <!-- practice.Bluesummit1 -->
